<?xml version="1.0" encoding="UTF-8"?>
<!-- Generated by org.testng.reporters.JUnitReportReporter -->
<testsuite skipped="0" hostname="MacBook-Pro.local" name="org.jahia.modules.forms.library.tests.FormDeletionTest" tests="2" failures="0" timestamp="2021-09-28T07:20:55 EDT" time="41.493" errors="0">
  <testcase name="deletePublishedForm" time="27.319" classname="org.jahia.modules.forms.library.tests.FormDeletionTest"/>
  <testcase name="deleteNotPublishedForm" time="14.174" classname="org.jahia.modules.forms.library.tests.FormDeletionTest"/>
</testsuite> <!-- org.jahia.modules.forms.library.tests.FormDeletionTest -->
