<?xml version="1.0" encoding="UTF-8"?>
<!-- Generated by org.testng.reporters.JUnitReportReporter -->
<testsuite skipped="0" hostname="MacBook-Pro.local" name="org.jahia.modules.forms.library.tests.FormPublicationTest" tests="3" failures="0" timestamp="2021-09-28T07:20:55 EDT" time="65.048" errors="0">
  <testcase name="testPublishTemplateForm" time="19.885" classname="org.jahia.modules.forms.library.tests.FormPublicationTest"/>
  <testcase name="testPublishForm" time="21.745" classname="org.jahia.modules.forms.library.tests.FormPublicationTest"/>
  <testcase name="testUseFormAsTemplate" time="23.418" classname="org.jahia.modules.forms.library.tests.FormPublicationTest"/>
</testsuite> <!-- org.jahia.modules.forms.library.tests.FormPublicationTest -->
