<?xml version="1.0" encoding="UTF-8"?>
<!-- Generated by org.testng.reporters.JUnitReportReporter -->
<testsuite skipped="0" hostname="MacBook-Pro.local" name="org.jahia.modules.forms.library.tests.FormDatatableTest" tests="2" failures="0" timestamp="2021-09-28T07:20:55 EDT" time="43.994" errors="0">
  <testcase name="testPagination" time="35.873" classname="org.jahia.modules.forms.library.tests.FormDatatableTest"/>
  <testcase name="testTableEntries" time="8.121" classname="org.jahia.modules.forms.library.tests.FormDatatableTest"/>
</testsuite> <!-- org.jahia.modules.forms.library.tests.FormDatatableTest -->
