<?xml version="1.0" encoding="UTF-8"?>
<!-- Generated by org.testng.reporters.JUnitReportReporter -->
<testsuite skipped="0" hostname="MacBook-Pro.local" name="org.jahia.modules.forms.library.tests.FormSearchTest" tests="17" failures="0" timestamp="2021-09-28T07:20:55 EDT" time="102.189" errors="0">
  <testcase name="searchFormsTest" time="6.613" classname="org.jahia.modules.forms.library.tests.FormSearchTest"/>
  <testcase name="searchFormsTest" time="6.601" classname="org.jahia.modules.forms.library.tests.FormSearchTest"/>
  <testcase name="searchFormsTest" time="6.592" classname="org.jahia.modules.forms.library.tests.FormSearchTest"/>
  <testcase name="searchFormsTest" time="6.488" classname="org.jahia.modules.forms.library.tests.FormSearchTest"/>
  <testcase name="searchFormsTest" time="6.517" classname="org.jahia.modules.forms.library.tests.FormSearchTest"/>
  <testcase name="showNumOfFormsTest" time="2.895" classname="org.jahia.modules.forms.library.tests.FormSearchTest"/>
  <testcase name="searchFormsTest" time="6.634" classname="org.jahia.modules.forms.library.tests.FormSearchTest"/>
  <testcase name="searchFormsTest" time="6.583" classname="org.jahia.modules.forms.library.tests.FormSearchTest"/>
  <testcase name="searchFormsTest" time="6.678" classname="org.jahia.modules.forms.library.tests.FormSearchTest"/>
  <testcase name="showNumOfFormsTest" time="2.945" classname="org.jahia.modules.forms.library.tests.FormSearchTest"/>
  <testcase name="showNumOfFormsTest" time="3.807" classname="org.jahia.modules.forms.library.tests.FormSearchTest"/>
  <testcase name="searchFormsTest" time="6.629" classname="org.jahia.modules.forms.library.tests.FormSearchTest"/>
  <testcase name="searchFormsTest" time="6.616" classname="org.jahia.modules.forms.library.tests.FormSearchTest"/>
  <testcase name="searchFormsTest" time="6.809" classname="org.jahia.modules.forms.library.tests.FormSearchTest"/>
  <testcase name="searchFormsTest" time="6.681" classname="org.jahia.modules.forms.library.tests.FormSearchTest"/>
  <testcase name="searchFormsTest" time="6.559" classname="org.jahia.modules.forms.library.tests.FormSearchTest"/>
  <testcase name="searchFormsTest" time="6.542" classname="org.jahia.modules.forms.library.tests.FormSearchTest"/>
</testsuite> <!-- org.jahia.modules.forms.library.tests.FormSearchTest -->
