<?xml version="1.0" encoding="UTF-8"?>
<!-- Generated by org.testng.reporters.JUnitReportReporter -->
<testsuite skipped="0" hostname="MacBook-Pro.local" name="org.jahia.modules.forms.library.tests.FormModificationTest" tests="4" failures="0" timestamp="2021-09-28T07:20:55 EDT" time="69.470" errors="0">
  <testcase name="testModifyForm" time="14.894" classname="org.jahia.modules.forms.library.tests.FormModificationTest"/>
  <testcase name="testAddProgressBarToDuplicateForm" time="17.468" classname="org.jahia.modules.forms.library.tests.FormModificationTest"/>
  <testcase name="testDuplicateForm" time="22.316" classname="org.jahia.modules.forms.library.tests.FormModificationTest"/>
  <testcase name="testModifyForm" time="14.792" classname="org.jahia.modules.forms.library.tests.FormModificationTest"/>
</testsuite> <!-- org.jahia.modules.forms.library.tests.FormModificationTest -->
