<?xml version="1.0" encoding="UTF-8"?>
<!-- Generated by org.testng.reporters.JUnitReportReporter -->
<testsuite skipped="0" hostname="MacBook-Pro.local" name="org.jahia.modules.forms.library.tests.FormCreationTest" tests="10" failures="0" timestamp="2021-09-28T07:20:55 EDT" time="180.031" errors="0">
  <testcase name="testCreateFormSpecialChar" time="4.259" classname="org.jahia.modules.forms.library.tests.FormCreationTest"/>
  <testcase name="testCreateFormSimpleNames" time="16.596" classname="org.jahia.modules.forms.library.tests.FormCreationTest"/>
  <testcase name="testCreateFormSpecialChar" time="4.295" classname="org.jahia.modules.forms.library.tests.FormCreationTest"/>
  <testcase name="createFormWithSpecialChar" time="7.003" classname="org.jahia.modules.forms.library.tests.FormCreationTest"/>
  <testcase name="testCreateFormSpecialChar" time="4.104" classname="org.jahia.modules.forms.library.tests.FormCreationTest"/>
  <testcase name="testCreateFormSpecialChar" time="4.184" classname="org.jahia.modules.forms.library.tests.FormCreationTest"/>
  <testcase name="testCreateFormRandomNames" time="126.059" classname="org.jahia.modules.forms.library.tests.FormCreationTest"/>
  <testcase name="testCreateFormFieldEmpty" time="4.955" classname="org.jahia.modules.forms.library.tests.FormCreationTest"/>
  <testcase name="testCreateFormSpecialChar" time="4.415" classname="org.jahia.modules.forms.library.tests.FormCreationTest"/>
  <testcase name="testCreateFormSpecialChar" time="4.161" classname="org.jahia.modules.forms.library.tests.FormCreationTest"/>
</testsuite> <!-- org.jahia.modules.forms.library.tests.FormCreationTest -->
