<?xml version="1.0" encoding="UTF-8"?>
<!-- Generated by org.testng.reporters.JUnitReportReporter -->
<testsuite skipped="0" hostname="MacBook-Pro.local" name="org.jahia.modules.forms.library.tests.FormImportTest" tests="6" failures="0" timestamp="2021-09-28T07:20:55 EDT" time="135.350" errors="0">
  <testcase name="testImportForms" time="20.994" classname="org.jahia.modules.forms.library.tests.FormImportTest"/>
  <testcase name="testImportForms" time="26.468" classname="org.jahia.modules.forms.library.tests.FormImportTest"/>
  <testcase name="testImportForms" time="28.751" classname="org.jahia.modules.forms.library.tests.FormImportTest"/>
  <testcase name="testImportForms" time="22.799" classname="org.jahia.modules.forms.library.tests.FormImportTest"/>
  <testcase name="testImportForms" time="29.588" classname="org.jahia.modules.forms.library.tests.FormImportTest"/>
  <testcase name="testImportForms" time="6.750" classname="org.jahia.modules.forms.library.tests.FormImportTest"/>
</testsuite> <!-- org.jahia.modules.forms.library.tests.FormImportTest -->
