<?xml version="1.0" encoding="UTF-8"?>
<!-- Generated by org.testng.reporters.JUnitReportReporter -->
<testsuite skipped="0" hostname="MacBook-Pro.local" name="org.jahia.modules.forms.library.tests.FormTranslationTest" tests="1" failures="0" timestamp="2021-09-28T07:20:55 EDT" time="60.914" errors="0">
  <testcase name="translateForm" time="60.914" classname="org.jahia.modules.forms.library.tests.FormTranslationTest"/>
</testsuite> <!-- org.jahia.modules.forms.library.tests.FormTranslationTest -->
